SF:lib/commons/blocs/myoro_form_bloc/myoro_form_event.dart
DA:5,121
DA:9,121
LF:2
LH:2
end_of_record
SF:lib/commons/blocs/myoro_form_bloc/myoro_form_state.dart
DA:13,4
DA:19,2
DA:24,2
DA:25,0
DA:26,2
DA:27,2
DA:31,1
DA:32,1
DA:34,1
DA:35,1
DA:36,1
DA:39,2
DA:40,8
LF:13
LH:12
end_of_record
SF:lib/commons/blocs/myoro_form_bloc/myoro_form_bloc.dart
DA:14,3
DA:18,6
DA:19,5
DA:20,6
DA:23,1
DA:27,4
DA:30,1
DA:31,2
DA:41,2
DA:43,2
DA:44,4
DA:49,0
DA:50,0
DA:52,0
DA:55,0
DA:57,0
DA:58,0
DA:64,0
DA:65,0
LF:19
LH:11
end_of_record
SF:lib/commons/blocs/myoro_resolver_bloc/myoro_resolver_bloc.dart
DA:13,15
DA:14,10
DA:15,15
DA:19,5
DA:21,5
DA:22,10
DA:27,2
DA:28,1
DA:30,2
DA:33,2
DA:35,4
DA:36,4
DA:42,2
DA:43,4
LF:14
LH:14
end_of_record
SF:lib/commons/blocs/myoro_resolver_bloc/myoro_resolver_state.dart
DA:13,6
DA:19,5
DA:24,5
DA:25,0
DA:26,5
DA:27,5
DA:31,1
DA:32,1
DA:34,1
DA:35,1
DA:36,1
DA:39,5
DA:40,20
LF:13
LH:12
end_of_record
SF:lib/commons/blocs/myoro_resolver_bloc/myoro_resolver_event.dart
DA:5,241
DA:10,241
LF:2
LH:2
end_of_record
SF:lib/commons/controllers/myoro_drawer_controller.dart
DA:19,3
DA:24,6
DA:25,3
DA:26,3
DA:27,15
DA:31,2
DA:32,8
DA:35,90
DA:36,6
DA:37,6
LF:10
LH:10
end_of_record
SF:lib/commons/controllers/myoro_form_controller.dart
DA:7,6
DA:9,6
LF:2
LH:2
end_of_record
SF:lib/commons/controllers/myoro_multi_dropdown_controller.dart
DA:9,1
DA:10,3
DA:14,1
DA:15,5
DA:19,1
DA:20,5
DA:24,1
DA:25,2
DA:29,1
DA:30,2
DA:33,0
DA:34,3
LF:12
LH:11
end_of_record
SF:lib/commons/controllers/myoro_resolver_controller.dart
DA:8,0
DA:10,8
LF:2
LH:1
end_of_record
SF:lib/commons/controllers/myoro_singular_dropdown_controller.dart
DA:9,2
DA:10,4
DA:14,1
DA:15,2
DA:19,1
DA:20,2
DA:24,2
DA:25,4
DA:28,0
DA:29,3
LF:10
LH:9
end_of_record
SF:lib/commons/controllers/myoro_table_controller.dart
DA:27,1
DA:28,2
DA:29,2
DA:33,1
DA:34,2
DA:38,1
DA:40,4
DA:41,1
DA:43,2
DA:44,1
DA:48,1
DA:49,2
DA:50,1
DA:54,1
DA:55,2
DA:56,1
DA:60,1
DA:61,2
DA:62,1
DA:66,1
DA:67,2
DA:68,1
DA:72,1
DA:73,7
DA:77,1
DA:78,7
DA:82,1
DA:83,3
DA:87,1
DA:88,2
DA:92,1
DA:93,9
DA:94,2
DA:95,5
DA:96,1
DA:99,2
DA:100,3
DA:101,2
DA:102,4
LF:39
LH:39
end_of_record
SF:lib/commons/controllers/myoro_throttle_controller.dart
DA:18,1
DA:20,1
DA:21,1
DA:22,1
DA:23,1
DA:24,2
DA:25,1
LF:7
LH:7
end_of_record
SF:lib/commons/enums/myoro_font_size_enum.dart
DA:14,1
DA:15,5
DA:18,2
DA:19,2
DA:20,2
DA:21,2
LF:6
LH:6
end_of_record
SF:lib/commons/enums/myoro_input_style_enum.dart
DA:13,7
DA:14,35
DA:18,11
DA:19,11
DA:22,13
DA:23,20
DA:27,2
DA:28,2
LF:8
LH:8
end_of_record
SF:lib/commons/enums/myoro_pie_graph_enum.dart
DA:20,1
DA:21,5
DA:24,4
DA:25,2
LF:4
LH:4
end_of_record
SF:lib/commons/enums/myoro_request_enum.dart
DA:17,1
DA:18,5
DA:21,2
DA:22,4
DA:23,12
DA:24,12
LF:6
LH:6
end_of_record
SF:lib/commons/enums/myoro_scrollable_enum.dart
DA:16,1
DA:17,5
DA:20,4
DA:21,2
LF:4
LH:4
end_of_record
SF:lib/commons/enums/myoro_snack_bar_type_enum.dart
DA:19,2
DA:20,10
DA:24,5
DA:25,5
DA:28,9
DA:29,3
DA:30,3
DA:31,4
DA:35,2
DA:36,2
DA:37,2
DA:38,2
LF:12
LH:12
end_of_record
SF:lib/commons/enums/myoro_table_column_width_enum.dart
DA:15,30
DA:17,10
DA:18,2
DA:19,2
LF:4
LH:4
end_of_record
SF:lib/commons/enums/myoro_time_input_formatter_enum.dart
DA:14,1
DA:15,5
DA:18,2
DA:19,2
LF:4
LH:4
end_of_record
SF:lib/commons/extensions/myoro_axis_extension.dart
DA:5,12
DA:6,8
LF:2
LH:2
end_of_record
SF:lib/commons/extensions/myoro_build_context_extension.dart
DA:7,90
DA:8,12
DA:9,135
DA:10,2
DA:11,2
DA:13,39
DA:14,78
DA:16,0
DA:19,1
DA:21,1
DA:24,0
DA:29,3
DA:33,6
DA:41,6
DA:44,1
DA:48,1
DA:56,2
LF:17
LH:15
end_of_record
SF:lib/commons/extensions/myoro_color_extension.dart
DA:6,1
DA:7,1
DA:8,5
DA:9,5
DA:10,5
DA:11,1
LF:6
LH:6
end_of_record
SF:lib/commons/extensions/myoro_text_style_extension.dart
DA:5,96
LF:1
LH:1
end_of_record
SF:lib/commons/functions/myoro_debounce.dart
DA:4,1
DA:5,1
DA:6,0
LF:3
LH:2
end_of_record
SF:lib/commons/functions/myoro_lerp.dart
DA:6,36
LF:1
LH:1
end_of_record
SF:lib/commons/helpers/myoro_decoration_helper.dart
DA:7,144
DA:10,144
DA:13,1
DA:14,1
DA:16,1
LF:5
LH:5
end_of_record
SF:lib/commons/helpers/myoro_platform_helper.dart
DA:5,0
DA:6,0
DA:7,0
DA:8,0
DA:9,0
DA:10,0
DA:11,0
LF:7
LH:0
end_of_record
SF:lib/commons/helpers/myoro_snack_bar_helper.dart
DA:7,2
DA:12,2
DA:13,2
DA:14,2
DA:15,2
DA:16,2
DA:23,2
DA:24,4
LF:8
LH:8
end_of_record
SF:lib/commons/input_formatters/myoro_date_input_formatter.dart
DA:5,1
DA:6,1
DA:8,2
LF:3
LH:3
end_of_record
SF:lib/commons/input_formatters/myoro_number_input_formatter.dart
DA:9,1
DA:15,3
DA:17,1
DA:19,2
DA:22,3
DA:27,2
DA:28,0
DA:33,5
DA:34,2
DA:37,5
DA:44,0
DA:47,0
DA:50,3
DA:52,1
DA:56,0
DA:57,0
DA:68,1
DA:69,2
DA:72,3
DA:74,2
DA:78,0
DA:79,0
DA:83,1
DA:85,1
DA:92,1
DA:93,3
DA:96,1
DA:97,2
LF:28
LH:21
end_of_record
SF:lib/commons/input_formatters/myoro_time_input_formatter.dart
DA:8,2
DA:9,2
DA:10,2
DA:11,4
LF:4
LH:4
end_of_record
SF:lib/commons/models/myoro_bar_graph_bar_section.dart
DA:19,3
DA:25,1
DA:30,1
DA:31,0
DA:32,0
DA:33,0
DA:37,3
DA:38,9
DA:39,3
DA:41,9
DA:42,15
DA:46,2
DA:47,2
DA:49,2
DA:50,2
DA:51,2
DA:54,1
DA:56,1
DA:57,1
DA:58,1
DA:59,1
LF:21
LH:18
end_of_record
SF:lib/commons/models/myoro_bar_graph_bar.dart
DA:20,1
DA:26,1
DA:31,1
DA:32,0
DA:33,0
DA:34,0
DA:38,3
DA:39,9
DA:40,15
DA:41,3
DA:42,9
DA:43,4
DA:46,2
DA:47,2
DA:49,2
DA:50,2
DA:51,2
DA:54,1
DA:56,1
DA:57,1
DA:58,1
DA:59,1
LF:22
LH:19
end_of_record
SF:lib/commons/models/myoro_bar_graph_group.dart
DA:13,1
DA:18,1
DA:22,1
DA:23,0
DA:24,0
DA:28,2
DA:29,6
DA:30,2
DA:31,6
DA:32,4
DA:35,1
DA:36,1
DA:38,1
DA:39,1
DA:42,1
DA:43,3
LF:16
LH:14
end_of_record
SF:lib/commons/models/myoro_basic_divider_configuration.dart
DA:17,244
DA:23,1
DA:28,1
DA:29,0
DA:30,0
DA:31,1
DA:35,3
DA:36,15
DA:37,9
DA:40,1
DA:41,1
DA:43,1
DA:44,1
DA:45,1
DA:48,2
DA:50,2
DA:51,2
DA:52,2
DA:53,2
LF:19
LH:17
end_of_record
SF:lib/commons/models/myoro_data_configuration.dart
DA:26,7
DA:33,7
DA:35,14
DA:39,1
DA:49,1
DA:50,0
DA:51,0
DA:52,0
DA:53,0
DA:54,0
DA:55,0
DA:59,1
DA:60,3
DA:61,3
DA:62,1
DA:63,1
DA:64,0
DA:65,3
DA:67,3
DA:68,1
DA:69,12
DA:74,2
DA:75,2
DA:77,2
DA:78,2
DA:79,2
DA:80,2
DA:81,2
DA:82,2
DA:86,6
DA:89,2
DA:90,4
DA:91,6
DA:92,2
DA:98,3
DA:100,8
DA:101,2
DA:102,18
DA:103,4
LF:39
LH:32
end_of_record
SF:lib/commons/models/myoro_dropdown_configuration.dart
DA:37,3
DA:49,1
DA:60,1
DA:61,0
DA:62,1
DA:63,0
DA:64,0
DA:65,0
DA:66,0
DA:67,0
DA:68,0
DA:69,1
DA:73,1
DA:74,1
DA:76,1
DA:77,1
DA:78,1
DA:79,1
DA:80,1
DA:81,1
DA:82,1
DA:83,1
DA:84,1
DA:87,1
DA:89,1
DA:90,1
DA:91,1
DA:92,1
DA:93,1
DA:94,1
DA:95,1
DA:96,1
DA:97,1
DA:98,1
LF:34
LH:27
end_of_record
SF:lib/commons/models/myoro_hover_button_configuration.dart
DA:35,169
DA:45,2
DA:54,2
DA:55,1
DA:56,1
DA:57,1
DA:58,1
DA:59,1
DA:60,0
DA:61,2
DA:65,4
DA:66,20
DA:67,20
DA:68,12
DA:69,12
DA:70,16
DA:71,12
DA:74,2
DA:75,2
DA:76,6
DA:77,6
DA:78,6
DA:79,6
DA:80,6
DA:81,6
DA:82,6
DA:86,1
DA:87,1
DA:89,1
DA:90,1
DA:91,1
DA:92,1
DA:93,1
DA:94,1
DA:95,1
DA:98,5
DA:100,5
DA:101,5
DA:102,5
DA:103,5
DA:104,5
DA:105,5
DA:106,5
DA:107,5
LF:44
LH:43
end_of_record
SF:lib/commons/models/myoro_input_configuration.dart
DA:82,131
DA:102,4
DA:103,4
DA:104,20
DA:106,12
DA:107,12
DA:110,12
DA:111,12
DA:112,12
DA:121,4
DA:140,4
DA:141,3
DA:142,3
DA:143,4
DA:144,3
DA:145,3
DA:146,4
DA:147,2
DA:148,3
DA:149,3
DA:150,3
DA:151,3
DA:152,4
DA:153,3
DA:154,3
DA:155,4
DA:156,4
DA:157,1
DA:161,1
DA:162,1
DA:164,1
DA:165,1
DA:166,1
DA:167,1
DA:168,1
DA:169,1
DA:170,1
DA:171,1
DA:172,1
DA:173,1
DA:174,1
DA:175,1
DA:176,1
DA:177,1
DA:178,1
DA:179,1
DA:180,1
DA:183,1
DA:185,1
DA:186,1
DA:187,1
DA:188,1
DA:189,1
DA:190,1
DA:191,1
DA:193,1
DA:194,1
DA:195,1
DA:196,1
DA:197,1
DA:198,1
DA:199,1
DA:200,1
DA:201,1
DA:202,1
LF:65
LH:65
end_of_record
SF:lib/commons/models/myoro_menu_item.dart
DA:37,3
DA:47,2
DA:52,2
DA:53,6
DA:55,10
DA:57,6
DA:62,2
DA:72,2
DA:73,1
DA:74,2
DA:75,1
DA:76,2
DA:77,0
DA:78,2
DA:79,2
DA:80,2
DA:84,1
DA:85,1
DA:87,1
DA:88,1
DA:89,1
DA:90,1
DA:91,1
DA:92,1
DA:93,1
DA:94,1
DA:97,1
DA:99,1
DA:100,1
DA:101,1
DA:102,1
DA:103,1
DA:104,1
DA:105,1
DA:106,1
DA:107,1
LF:36
LH:35
end_of_record
SF:lib/commons/models/myoro_modal_configuration.dart
DA:24,2
DA:32,3
DA:33,9
DA:36,9
DA:37,9
DA:39,2
DA:46,2
DA:47,1
DA:48,2
DA:49,1
DA:50,0
DA:51,0
DA:55,1
DA:56,1
DA:58,1
DA:59,1
DA:60,1
DA:61,1
DA:62,1
DA:65,1
DA:67,1
DA:68,1
DA:69,1
DA:70,1
DA:71,1
DA:72,1
LF:26
LH:24
end_of_record
SF:lib/commons/models/myoro_pie_graph_item.dart
DA:18,1
DA:24,2
DA:25,6
DA:26,10
DA:27,6
DA:29,1
DA:34,1
DA:35,0
DA:36,0
DA:37,0
DA:41,1
DA:42,1
DA:44,1
DA:45,1
DA:46,1
DA:49,1
DA:51,1
DA:52,1
DA:53,1
DA:54,1
LF:20
LH:17
end_of_record
SF:lib/commons/models/myoro_table_cell.dart
DA:11,2
DA:15,15
DA:17,1
DA:20,1
DA:21,0
DA:25,2
DA:26,2
DA:28,2
DA:31,2
DA:32,4
LF:10
LH:9
end_of_record
SF:lib/commons/models/myoro_table_column.dart
DA:24,2
DA:31,3
DA:32,9
DA:33,3
DA:36,2
DA:42,2
DA:43,1
DA:44,2
DA:45,1
DA:46,1
DA:50,1
DA:51,1
DA:53,1
DA:54,1
DA:55,1
DA:56,1
DA:59,2
DA:61,2
DA:62,2
DA:63,2
DA:64,2
DA:65,2
LF:22
LH:22
end_of_record
SF:lib/commons/models/myoro_table_column_width.dart
DA:13,4
DA:17,8
DA:21,4
DA:22,4
DA:23,4
DA:25,16
DA:29,1
DA:33,0
DA:34,1
DA:36,1
DA:40,2
DA:41,2
DA:43,2
DA:44,2
DA:47,1
DA:48,3
LF:16
LH:15
end_of_record
SF:lib/commons/models/myoro_table_row.dart
DA:14,4
DA:19,3
DA:20,3
DA:22,3
DA:24,6
DA:29,1
DA:33,1
DA:34,1
DA:35,0
DA:39,1
DA:40,1
DA:42,1
DA:43,1
DA:46,3
DA:48,3
DA:49,3
DA:50,3
LF:17
LH:16
end_of_record
SF:lib/commons/notifiers/myoro_checkbox_notifier.dart
DA:6,12
DA:9,3
DA:12,2
LF:3
LH:3
end_of_record
SF:lib/commons/notifiers/myoro_group_checkbox_notifier.dart
DA:6,2
DA:9,1
DA:10,5
DA:14,1
DA:15,2
DA:16,4
DA:21,2
LF:7
LH:7
end_of_record
SF:lib/commons/notifiers/myoro_group_radio_notifier.dart
DA:9,2
DA:11,6
DA:12,2
DA:15,4
DA:18,5
DA:21,1
DA:22,1
DA:23,4
DA:28,7
DA:31,2
LF:10
LH:10
end_of_record
SF:lib/commons/notifiers/myoro_radio_notifier.dart
DA:6,12
DA:9,3
DA:12,2
LF:3
LH:3
end_of_record
SF:lib/commons/themes/colors/myoro_color_theme.dart
DA:11,2
DA:12,4
LF:2
LH:2
end_of_record
SF:lib/commons/themes/theme_data/create_myoro_color_scheme.dart
DA:5,51
DA:10,51
LF:2
LH:2
end_of_record
SF:lib/commons/themes/theme_data/create_myoro_slider_theme_data.dart
DA:5,47
DA:6,47
DA:7,47
DA:8,94
DA:9,47
LF:5
LH:5
end_of_record
SF:lib/commons/themes/theme_data/create_myoro_text_selection_theme_data.dart
DA:5,47
DA:6,94
DA:8,47
DA:9,47
LF:4
LH:4
end_of_record
SF:lib/commons/themes/theme_data/create_myoro_text_theme.dart
DA:5,62
DA:6,62
DA:11,62
DA:13,62
DA:19,62
DA:21,62
DA:24,62
DA:27,62
DA:32,62
DA:36,62
DA:40,62
DA:46,62
DA:50,62
DA:54,62
DA:60,62
DA:64,62
DA:68,62
DA:74,62
DA:78,62
DA:82,62
LF:20
LH:20
end_of_record
SF:lib/commons/themes/theme_data/create_myoro_theme_data.dart
DA:10,46
DA:14,46
DA:15,46
DA:17,46
DA:21,46
DA:22,46
DA:23,46
DA:24,46
DA:25,46
DA:26,2
LF:10
LH:10
end_of_record
SF:lib/commons/themes/theme_data/create_myoro_theme_extensions.dart
DA:5,47
DA:6,47
DA:7,47
DA:8,47
DA:9,47
DA:10,47
DA:11,47
DA:12,47
DA:13,47
DA:14,47
DA:15,47
DA:16,47
DA:17,47
DA:18,47
DA:19,47
DA:20,47
DA:21,47
DA:22,47
DA:23,47
DA:24,47
DA:25,47
DA:26,47
DA:27,47
DA:28,47
DA:29,47
DA:30,47
DA:34,47
DA:35,47
DA:36,47
DA:37,47
DA:43,47
DA:44,47
DA:45,47
DA:46,47
DA:47,47
DA:48,47
DA:51,47
DA:52,47
DA:53,47
DA:55,47
DA:64,47
DA:65,47
DA:66,47
DA:67,47
DA:68,47
DA:70,47
DA:72,47
DA:75,47
DA:80,47
DA:90,47
DA:91,47
DA:92,47
DA:93,47
DA:94,47
DA:98,47
DA:109,47
DA:110,47
DA:111,47
DA:112,47
DA:116,47
DA:117,47
DA:120,47
DA:125,47
DA:135,47
DA:136,47
DA:137,47
DA:140,47
DA:141,47
DA:143,47
DA:145,47
DA:151,47
DA:154,47
DA:160,47
DA:166,47
DA:167,47
DA:168,47
DA:169,47
DA:171,47
DA:173,47
DA:175,47
DA:180,47
DA:181,47
DA:187,47
DA:188,47
DA:190,47
DA:191,47
DA:192,47
DA:194,47
DA:197,47
DA:198,47
DA:199,47
DA:201,47
DA:204,47
DA:205,47
DA:206,47
DA:210,47
DA:211,47
DA:217,47
DA:221,47
DA:227,47
DA:233,47
DA:234,47
DA:235,47
DA:236,47
DA:242,47
DA:248,47
DA:249,47
DA:250,47
DA:251,47
DA:252,47
DA:254,47
DA:256,47
DA:260,47
DA:265,47
DA:269,47
DA:270,47
DA:271,47
DA:272,47
DA:273,47
DA:275,47
DA:285,47
DA:288,47
DA:289,47
DA:295,47
DA:296,47
DA:297,47
DA:298,47
DA:299,94
DA:300,47
DA:312,47
DA:318,47
DA:324,47
DA:332,47
DA:333,47
DA:334,47
DA:335,47
DA:337,47
DA:343,47
DA:344,47
DA:354,47
DA:355,47
DA:356,47
DA:361,47
DA:364,47
DA:371,47
DA:372,47
DA:373,47
DA:374,47
DA:375,47
DA:376,47
DA:378,47
DA:380,47
DA:387,47
DA:388,47
DA:389,141
DA:390,141
DA:396,47
DA:397,94
DA:405,47
LF:159
LH:159
end_of_record
SF:lib/commons/themes/theme_data/create_myoro_tooltip_theme_data.dart
DA:5,47
DA:6,47
DA:7,47
DA:8,47
DA:9,47
DA:10,47
DA:12,47
DA:15,47
LF:8
LH:8
end_of_record
SF:lib/commons/themes/theme_extensions/app_bars/myoro_app_bar_theme_extension.dart
DA:13,48
DA:18,1
DA:19,5
DA:20,5
DA:22,1
DA:27,1
DA:28,0
DA:29,0
DA:33,1
DA:38,1
DA:39,1
DA:40,3
DA:41,3
LF:13
LH:11
end_of_record
SF:lib/commons/themes/theme_extensions/buttons/myoro_hover_button_theme_extension.dart
DA:19,48
DA:26,1
DA:27,5
DA:28,5
DA:29,5
DA:30,3
DA:32,1
DA:39,1
DA:40,0
DA:41,0
DA:42,0
DA:43,0
DA:47,1
DA:49,1
DA:50,1
DA:51,3
DA:52,3
DA:53,3
DA:54,3
LF:19
LH:15
end_of_record
SF:lib/commons/themes/theme_extensions/buttons/myoro_icon_text_hover_button_theme_extension.dart
DA:33,48
DA:44,1
DA:45,5
DA:46,5
DA:47,5
DA:48,2
DA:49,3
DA:50,5
DA:51,3
DA:52,5
DA:54,1
DA:65,1
DA:66,0
DA:67,0
DA:68,0
DA:69,0
DA:70,0
DA:71,0
DA:72,0
DA:73,0
DA:77,1
DA:82,1
DA:83,1
DA:84,3
DA:85,3
DA:86,3
DA:87,3
DA:88,6
DA:89,3
DA:90,3
DA:91,3
LF:31
LH:23
end_of_record
SF:lib/commons/themes/theme_extensions/cards/myoro_card_theme_extension.dart
DA:27,48
DA:36,1
DA:37,5
DA:38,1
DA:39,4
DA:40,5
DA:42,4
DA:43,4
DA:44,3
DA:45,2
DA:47,1
DA:56,1
DA:57,0
DA:58,0
DA:59,0
DA:60,0
DA:61,0
DA:62,0
DA:66,1
DA:71,1
DA:72,1
DA:73,3
DA:74,3
DA:75,3
DA:76,3
DA:77,3
DA:78,3
LF:27
LH:21
end_of_record
SF:lib/commons/themes/theme_extensions/carousels/myoro_carousel_theme_extension.dart
DA:16,121
DA:22,1
DA:23,3
DA:24,5
DA:25,5
DA:27,1
DA:33,1
DA:34,0
DA:35,0
DA:36,0
DA:40,1
DA:45,1
DA:46,1
DA:47,3
DA:48,3
DA:49,3
LF:16
LH:13
end_of_record
SF:lib/commons/themes/theme_extensions/checkboxes/myoro_checkbox_theme_extension.dart
DA:30,48
DA:40,1
DA:41,5
DA:42,5
DA:43,5
DA:44,5
DA:45,3
DA:46,2
DA:47,3
DA:49,1
DA:59,1
DA:60,0
DA:61,0
DA:62,0
DA:63,0
DA:64,0
DA:65,0
DA:66,0
DA:70,1
DA:75,1
DA:76,1
DA:77,3
DA:78,3
DA:79,3
DA:80,3
DA:81,3
DA:82,3
DA:83,3
LF:28
LH:21
end_of_record
SF:lib/commons/themes/theme_extensions/checkboxes/myoro_group_checkbox_theme_extension.dart
DA:18,121
DA:24,1
DA:25,5
DA:26,3
DA:27,3
DA:29,1
DA:35,1
DA:36,0
DA:37,0
DA:38,0
DA:42,1
DA:47,1
DA:48,1
DA:49,3
DA:50,3
DA:51,3
LF:16
LH:13
end_of_record
SF:lib/commons/themes/theme_extensions/dividers/myoro_basic_divider_theme_extension.dart
DA:18,48
DA:24,1
DA:25,5
DA:26,3
DA:27,3
DA:29,1
DA:35,1
DA:36,0
DA:37,0
DA:38,0
DA:42,1
DA:47,1
DA:48,1
DA:49,3
DA:50,3
DA:51,3
LF:16
LH:13
end_of_record
SF:lib/commons/themes/theme_extensions/dividers/myoro_resize_divider_theme_extension.dart
DA:21,48
DA:28,1
DA:29,5
DA:30,3
DA:31,3
DA:32,4
DA:34,1
DA:41,1
DA:42,0
DA:43,0
DA:44,0
DA:45,0
DA:49,1
DA:54,1
DA:55,1
DA:56,3
DA:57,3
DA:58,3
DA:59,3
LF:19
LH:15
end_of_record
SF:lib/commons/themes/theme_extensions/drawers/myoro_drawer_theme_extension.dart
DA:34,48
DA:46,1
DA:47,4
DA:48,4
DA:49,1
DA:50,1
DA:52,5
DA:55,4
DA:56,2
DA:57,5
DA:58,5
DA:59,5
DA:60,3
DA:62,1
DA:74,1
DA:75,0
DA:76,0
DA:77,0
DA:78,0
DA:79,0
DA:80,0
DA:81,0
DA:82,0
DA:83,0
DA:87,1
DA:92,1
DA:93,1
DA:94,3
DA:95,3
DA:96,3
DA:97,3
DA:98,3
DA:99,3
DA:100,3
DA:101,3
DA:102,3
LF:36
LH:27
end_of_record
SF:lib/commons/themes/theme_extensions/dropdowns/myoro_dropdown_theme_extension.dart
DA:18,121
DA:24,1
DA:25,1
DA:26,3
DA:27,3
DA:29,1
DA:35,1
DA:36,0
DA:37,0
DA:38,0
DA:42,1
DA:47,1
DA:48,1
DA:49,3
DA:50,3
DA:51,3
LF:16
LH:13
end_of_record
SF:lib/commons/themes/theme_extensions/forms/myoro_form_theme_extension.dart
DA:6,121
DA:8,1
DA:11,1
LF:3
LH:3
end_of_record
SF:lib/commons/themes/theme_extensions/graphs/myoro_bar_graph_theme_extension.dart
DA:30,48
DA:40,1
DA:41,1
DA:42,3
DA:43,5
DA:45,5
DA:46,4
DA:47,2
DA:48,3
DA:49,3
DA:50,3
DA:52,1
DA:62,1
DA:63,0
DA:64,0
DA:65,0
DA:66,0
DA:67,0
DA:68,0
DA:69,0
DA:73,1
DA:78,1
DA:79,1
DA:80,3
DA:81,3
DA:82,3
DA:83,3
DA:84,3
DA:85,3
DA:86,3
LF:30
LH:23
end_of_record
SF:lib/commons/themes/theme_extensions/graphs/myoro_pie_graph_theme_extension.dart
DA:15,48
DA:20,1
DA:21,5
DA:22,3
DA:24,1
DA:29,1
DA:30,0
DA:31,0
DA:35,1
DA:40,1
DA:41,1
DA:42,3
DA:43,3
LF:13
LH:11
end_of_record
SF:lib/commons/themes/theme_extensions/inputs/myoro_date_picker_input_theme_extension.dart
DA:6,121
DA:8,1
DA:11,1
LF:3
LH:3
end_of_record
SF:lib/commons/themes/theme_extensions/inputs/myoro_input_theme_extension.dart
DA:51,48
DA:68,1
DA:69,1
DA:70,1
DA:71,3
DA:72,5
DA:75,1
DA:76,1
DA:77,1
DA:78,3
DA:79,5
DA:82,5
DA:83,5
DA:84,4
DA:85,3
DA:86,3
DA:87,3
DA:88,2
DA:89,3
DA:90,2
DA:91,5
DA:92,4
DA:93,5
DA:95,1
DA:112,1
DA:113,0
DA:114,0
DA:115,0
DA:116,0
DA:117,0
DA:118,0
DA:119,0
DA:120,0
DA:121,0
DA:122,0
DA:123,0
DA:124,0
DA:125,0
DA:126,0
DA:130,1
DA:135,1
DA:136,1
DA:137,3
DA:138,3
DA:139,3
DA:140,3
DA:141,3
DA:142,3
DA:143,3
DA:144,3
DA:145,3
DA:146,3
DA:147,3
DA:148,3
DA:149,3
DA:150,3
LF:56
LH:42
end_of_record
SF:lib/commons/themes/theme_extensions/inputs/myoro_search_input_theme_extension.dart
DA:24,48
DA:32,1
DA:33,3
DA:34,5
DA:35,3
DA:36,5
DA:37,3
DA:39,1
DA:47,1
DA:48,0
DA:49,0
DA:50,0
DA:51,1
DA:52,0
DA:56,1
DA:61,1
DA:62,1
DA:63,3
DA:64,3
DA:65,3
DA:66,3
DA:67,3
LF:22
LH:18
end_of_record
SF:lib/commons/themes/theme_extensions/layout_builders/myoro_layout_builder_theme_extension.dart
DA:6,121
DA:8,1
DA:11,1
LF:3
LH:3
end_of_record
SF:lib/commons/themes/theme_extensions/loaders/myoro_circular_loader_theme_extension.dart
DA:15,48
DA:20,1
DA:21,5
DA:22,3
DA:24,1
DA:29,1
DA:30,0
DA:31,0
DA:35,1
DA:40,1
DA:41,1
DA:42,3
DA:43,3
LF:13
LH:11
end_of_record
SF:lib/commons/themes/theme_extensions/material_apps/myoro_material_app_theme_extension.dart
DA:6,241
DA:8,1
DA:11,1
LF:3
LH:3
end_of_record
SF:lib/commons/themes/theme_extensions/menus/myoro_menu_theme_extension.dart
DA:28,48
DA:38,1
DA:39,5
DA:40,1
DA:41,3
DA:42,5
DA:44,4
DA:45,4
DA:46,1
DA:47,4
DA:48,2
DA:50,1
DA:61,1
DA:62,0
DA:63,0
DA:64,0
DA:65,0
DA:66,0
DA:67,0
DA:68,0
DA:72,1
DA:77,1
DA:78,1
DA:79,3
DA:80,3
DA:81,3
DA:82,3
DA:83,3
DA:84,3
DA:85,3
LF:30
LH:23
end_of_record
SF:lib/commons/themes/theme_extensions/modals/myoro_dialog_modal_theme_extension.dart
DA:15,48
DA:20,1
DA:21,2
DA:22,3
DA:24,1
DA:29,1
DA:30,0
DA:31,0
DA:35,1
DA:40,1
DA:41,1
DA:42,3
DA:43,3
LF:13
LH:11
end_of_record
SF:lib/commons/themes/theme_extensions/modals/myoro_modal_theme_extension.dart
DA:33,48
DA:44,1
DA:45,3
DA:46,3
DA:48,1
DA:49,5
DA:50,4
DA:51,1
DA:52,3
DA:53,5
DA:55,4
DA:56,1
DA:57,5
DA:58,5
DA:62,3
DA:63,2
DA:64,5
DA:68,1
DA:79,1
DA:80,0
DA:81,0
DA:82,0
DA:83,0
DA:84,0
DA:85,0
DA:86,0
DA:87,0
DA:91,1
DA:96,1
DA:97,1
DA:98,3
DA:99,3
DA:100,3
DA:101,3
DA:102,3
DA:103,3
DA:104,3
DA:105,3
LF:38
LH:30
end_of_record
SF:lib/commons/themes/theme_extensions/radios/myoro_group_radio_theme_extension.dart
DA:18,121
DA:24,1
DA:25,5
DA:26,3
DA:27,3
DA:29,1
DA:35,1
DA:36,0
DA:37,0
DA:38,0
DA:42,1
DA:47,1
DA:48,1
DA:49,3
DA:50,3
DA:51,3
LF:16
LH:13
end_of_record
SF:lib/commons/themes/theme_extensions/radios/myoro_radio_theme_extension.dart
DA:24,48
DA:32,1
DA:33,5
DA:34,5
DA:35,2
DA:36,3
DA:37,3
DA:39,1
DA:47,1
DA:48,0
DA:49,0
DA:50,0
DA:51,0
DA:52,0
DA:56,1
DA:61,1
DA:62,1
DA:63,3
DA:64,3
DA:65,3
DA:66,3
DA:67,3
LF:22
LH:17
end_of_record
SF:lib/commons/themes/theme_extensions/resolvers/myoro_resolver_theme_extension.dart
DA:6,121
DA:8,1
DA:11,1
LF:3
LH:3
end_of_record
SF:lib/commons/themes/theme_extensions/screens/myoro_screen_theme_extension.dart
DA:6,241
DA:8,1
DA:11,1
LF:3
LH:3
end_of_record
SF:lib/commons/themes/theme_extensions/scrollables/myoro_scrollable_theme_extension.dart
DA:10,121
DA:14,5
DA:16,1
DA:20,1
DA:21,0
DA:25,1
DA:30,1
DA:31,1
DA:32,3
LF:9
LH:8
end_of_record
SF:lib/commons/themes/theme_extensions/sliders/myoro_slider_theme_extension.dart
DA:18,48
DA:25,1
DA:26,2
DA:27,4
DA:28,2
DA:29,5
DA:31,1
DA:38,1
DA:39,0
DA:40,0
DA:41,0
DA:42,0
DA:46,1
DA:48,1
DA:49,1
DA:50,3
DA:51,3
DA:52,3
DA:53,3
LF:19
LH:15
end_of_record
SF:lib/commons/themes/theme_extensions/snack_bars/myoro_snack_bar_container_theme_extension.dart
DA:30,121
DA:40,1
DA:41,5
DA:42,5
DA:43,4
DA:44,4
DA:45,3
DA:46,5
DA:47,4
DA:49,1
DA:59,1
DA:60,0
DA:61,0
DA:62,0
DA:63,0
DA:64,0
DA:65,0
DA:66,0
DA:70,1
DA:75,1
DA:76,1
DA:77,3
DA:78,3
DA:79,3
DA:80,3
DA:81,3
DA:82,3
DA:83,3
LF:28
LH:21
end_of_record
SF:lib/commons/themes/theme_extensions/snack_bars/myoro_snack_bar_theme_extension.dart
DA:45,48
DA:60,1
DA:61,5
DA:62,5
DA:63,5
DA:64,5
DA:65,5
DA:66,3
DA:67,4
DA:68,4
DA:69,3
DA:70,2
DA:71,5
DA:72,3
DA:74,1
DA:89,1
DA:90,0
DA:91,0
DA:92,0
DA:93,0
DA:94,0
DA:95,0
DA:96,0
DA:97,0
DA:98,0
DA:99,0
DA:100,0
DA:101,0
DA:105,1
DA:110,1
DA:111,1
DA:112,3
DA:113,3
DA:114,3
DA:115,3
DA:116,3
DA:117,3
DA:118,3
DA:119,3
DA:120,3
DA:121,3
DA:122,3
DA:123,3
LF:43
LH:31
end_of_record
SF:lib/commons/themes/theme_extensions/tables/myoro_table_theme_extension.dart
DA:57,48
DA:76,1
DA:77,1
DA:78,5
DA:80,3
DA:81,3
DA:82,4
DA:83,3
DA:84,3
DA:85,2
DA:86,2
DA:87,2
DA:88,2
DA:89,3
DA:90,1
DA:91,3
DA:92,3
DA:93,3
DA:94,1
DA:96,1
DA:115,1
DA:116,0
DA:117,0
DA:118,0
DA:119,0
DA:120,0
DA:121,0
DA:122,0
DA:123,0
DA:124,0
DA:125,0
DA:126,0
DA:127,0
DA:128,0
DA:129,0
DA:130,0
DA:131,0
DA:135,1
DA:140,1
DA:141,1
DA:142,3
DA:143,3
DA:144,3
DA:145,3
DA:146,3
DA:147,3
DA:148,3
DA:149,3
DA:150,3
DA:151,3
DA:152,3
DA:153,3
DA:154,3
DA:155,3
DA:156,3
DA:157,3
LF:56
LH:40
end_of_record
SF:lib/commons/themes/theme_extensions/tooltips/myoro_tooltip_theme_extension.dart
DA:10,121
DA:14,5
DA:16,1
DA:20,1
DA:21,0
DA:25,1
DA:30,1
DA:31,1
DA:32,3
LF:9
LH:8
end_of_record
SF:lib/commons/themes/typography/myoro_typography_theme.dart
DA:25,60
DA:28,59
DA:32,20
DA:34,20
DA:37,20
DA:41,40
DA:42,40
DA:43,40
DA:46,40
DA:47,40
DA:48,40
DA:51,40
DA:52,40
DA:53,40
DA:56,40
DA:57,40
DA:58,40
DA:61,40
DA:62,40
DA:63,40
DA:66,20
DA:67,20
DA:69,20
DA:70,20
DA:71,20
DA:74,20
DA:75,20
DA:76,20
DA:79,20
DA:80,20
DA:81,20
DA:84,20
DA:85,20
DA:86,20
DA:89,20
DA:90,20
DA:91,20
DA:96,1
DA:97,2
DA:99,1
DA:100,1
DA:101,1
DA:104,1
DA:105,1
DA:106,1
DA:109,1
DA:110,1
DA:111,1
DA:114,1
DA:115,1
DA:116,1
DA:119,1
DA:120,1
DA:121,1
DA:124,1
DA:129,160
LF:56
LH:56
end_of_record
SF:lib/commons/widgets/app_bars/myoro_app_bar.dart
DA:27,1
DA:30,2
DA:36,0
DA:42,0
DA:43,0
DA:47,2
DA:49,2
DA:51,2
DA:53,2
DA:54,2
DA:55,2
DA:56,2
DA:57,2
DA:58,2
DA:61,2
DA:62,1
LF:16
LH:13
end_of_record
SF:lib/commons/widgets/buttons/myoro_hover_button.dart
DA:26,17
DA:33,0
DA:55,0
DA:56,0
DA:57,0
DA:58,0
DA:59,0
DA:60,0
DA:61,0
DA:62,0
DA:63,0
DA:64,0
DA:65,0
DA:66,0
DA:67,0
DA:71,17
DA:72,17
DA:76,51
DA:77,12
DA:78,51
DA:82,17
DA:84,34
DA:85,17
DA:88,17
DA:90,17
DA:92,17
DA:93,26
DA:94,17
DA:99,4
DA:100,4
DA:102,8
DA:103,8
DA:105,0
DA:106,0
DA:107,0
DA:108,0
DA:110,17
DA:111,17
DA:112,17
DA:113,40
DA:114,38
DA:118,43
DA:119,0
DA:124,17
DA:125,17
DA:126,37
DA:127,5
DA:132,40
DA:135,34
LF:49
LH:30
end_of_record
SF:lib/commons/widgets/buttons/myoro_icon_text_hover_button.dart
DA:34,14
DA:46,16
DA:50,0
DA:84,0
DA:85,0
DA:86,0
DA:87,0
DA:88,0
DA:89,0
DA:90,0
DA:91,0
DA:92,0
DA:93,0
DA:94,0
DA:95,0
DA:96,0
DA:97,0
DA:98,0
DA:99,0
DA:100,0
DA:101,0
DA:102,0
DA:106,14
DA:108,14
DA:109,27
DA:110,14
DA:111,28
DA:114,14
DA:115,14
DA:116,14
DA:117,14
DA:118,34
DA:119,5
DA:120,31
DA:122,14
DA:124,14
DA:125,28
DA:126,14
DA:128,14
DA:129,14
DA:130,14
DA:133,4
DA:135,3
DA:136,3
DA:137,3
DA:138,3
DA:139,3
DA:140,3
DA:141,8
LF:49
LH:29
end_of_record
SF:lib/commons/widgets/cards/myoro_card.dart
DA:25,1
DA:35,0
DA:49,0
DA:50,0
DA:51,0
DA:52,0
DA:53,0
DA:54,0
DA:55,0
DA:56,0
DA:57,0
DA:61,1
DA:63,1
DA:64,1
DA:65,2
DA:66,3
DA:67,3
DA:69,6
DA:79,1
DA:81,1
DA:83,1
DA:84,1
DA:85,1
DA:96,1
DA:103,1
DA:105,1
DA:107,1
DA:108,1
DA:109,1
DA:110,2
DA:111,1
DA:112,1
DA:113,1
DA:114,1
DA:116,1
LF:35
LH:25
end_of_record
SF:lib/commons/widgets/carousels/myoro_carousel.dart
DA:26,1
DA:36,0
DA:50,0
DA:51,0
DA:52,0
DA:53,0
DA:54,0
DA:55,0
DA:56,0
DA:57,0
DA:58,0
DA:62,1
DA:63,1
DA:67,3
DA:68,3
DA:69,3
DA:70,3
DA:71,3
DA:72,3
DA:76,1
DA:78,1
DA:80,1
DA:82,1
DA:83,1
DA:84,1
DA:85,1
DA:86,1
DA:87,1
DA:88,1
DA:89,1
DA:91,2
DA:92,1
DA:93,1
DA:95,1
DA:96,0
DA:99,1
DA:100,1
DA:102,1
DA:103,0
DA:120,1
DA:129,1
DA:131,1
DA:132,1
DA:133,1
DA:134,1
DA:135,1
DA:136,1
DA:137,1
DA:138,1
DA:149,1
DA:151,1
DA:153,1
DA:154,1
DA:155,1
DA:156,1
DA:157,1
DA:158,2
DA:160,1
DA:161,1
LF:59
LH:47
end_of_record
SF:lib/commons/widgets/checkboxes/myoro_checkbox.dart
DA:25,5
DA:33,5
DA:38,0
DA:50,0
DA:51,0
DA:52,0
DA:53,0
DA:54,0
DA:55,0
DA:56,0
DA:57,0
DA:61,5
DA:62,5
DA:66,15
DA:67,6
DA:68,15
DA:69,3
DA:72,5
DA:73,25
DA:76,1
DA:78,1
DA:79,2
DA:80,3
DA:83,5
DA:85,20
DA:86,5
DA:89,5
DA:91,5
DA:93,5
DA:97,5
DA:98,5
DA:99,5
DA:100,5
DA:102,5
DA:105,5
DA:107,5
DA:108,5
DA:109,5
DA:110,5
DA:111,5
DA:112,1
DA:113,4
DA:114,4
DA:120,14
DA:121,4
DA:122,2
DA:123,2
DA:125,2
DA:126,2
DA:129,4
LF:50
LH:41
end_of_record
SF:lib/commons/widgets/checkboxes/myoro_group_checkbox.dart
DA:34,1
DA:43,1
DA:48,2
DA:52,0
DA:66,0
DA:67,0
DA:68,0
DA:69,0
DA:70,0
DA:71,0
DA:72,0
DA:73,0
DA:74,0
DA:78,1
DA:79,1
DA:83,3
DA:84,3
DA:85,3
DA:86,0
DA:87,3
DA:90,1
DA:91,5
DA:94,1
DA:96,4
DA:97,1
DA:100,1
DA:102,1
DA:104,1
DA:105,1
DA:106,1
DA:107,1
DA:108,2
DA:109,1
DA:110,2
DA:111,2
DA:112,1
DA:113,1
DA:114,1
DA:115,1
DA:116,0
DA:117,0
DA:118,0
DA:122,1
LF:43
LH:29
end_of_record
SF:lib/commons/widgets/dividers/myoro_basic_divider.dart
DA:10,244
DA:12,0
DA:22,0
DA:23,0
DA:24,0
DA:25,0
DA:26,0
DA:27,0
DA:28,0
DA:32,5
DA:34,5
DA:35,15
DA:36,13
DA:38,5
DA:39,10
DA:40,5
DA:41,5
DA:42,4
DA:43,2
LF:19
LH:11
end_of_record
SF:lib/commons/widgets/dividers/myoro_resize_divider.dart
DA:16,2
DA:22,0
DA:28,0
DA:29,0
DA:30,0
DA:31,0
DA:32,0
DA:36,2
DA:38,2
DA:40,2
DA:41,4
DA:42,8
DA:52,2
DA:54,2
DA:56,2
DA:57,2
DA:58,2
DA:59,4
DA:61,2
DA:63,2
DA:64,1
DA:65,1
DA:66,2
DA:69,2
DA:70,2
DA:71,2
LF:26
LH:20
end_of_record
SF:lib/commons/widgets/drawers/myoro_drawer.dart
DA:23,3
DA:32,0
DA:44,0
DA:45,0
DA:46,0
DA:47,0
DA:48,0
DA:49,0
DA:50,0
DA:51,0
DA:55,3
DA:57,6
DA:59,3
DA:60,3
DA:61,6
DA:62,3
DA:64,3
DA:65,5
DA:66,12
DA:67,5
DA:78,3
DA:80,3
DA:82,3
DA:83,3
DA:84,3
DA:94,3
DA:100,3
DA:102,3
DA:104,3
DA:105,3
DA:106,3
DA:107,3
DA:108,3
DA:109,3
DA:110,3
DA:111,3
DA:112,4
DA:113,1
DA:114,1
DA:115,1
DA:117,1
DA:118,1
DA:120,1
DA:124,6
DA:137,1
DA:142,1
DA:144,1
DA:146,1
DA:147,1
DA:148,1
DA:156,3
DA:158,3
DA:160,3
DA:162,3
DA:163,3
DA:164,3
DA:165,3
DA:167,7
DA:168,0
LF:59
LH:49
end_of_record
SF:lib/commons/widgets/dropdowns/myoro_dropdown.dart
DA:29,0
DA:30,0
DA:47,2
DA:53,2
DA:54,4
DA:57,0
DA:58,0
DA:61,0
DA:62,0
DA:63,0
DA:64,0
DA:65,0
DA:68,0
DA:69,0
DA:70,0
DA:71,0
DA:72,0
DA:75,0
DA:92,2
DA:100,0
DA:128,0
DA:129,0
DA:130,0
DA:131,0
DA:132,0
DA:133,0
DA:134,0
DA:135,0
DA:136,0
DA:137,0
DA:138,0
DA:139,0
DA:140,0
DA:141,0
DA:142,0
DA:143,0
DA:147,2
DA:149,2
DA:150,2
DA:152,2
DA:153,2
DA:154,2
DA:155,2
DA:174,1
DA:182,0
DA:210,0
DA:211,0
DA:212,0
DA:213,0
DA:214,0
DA:215,0
DA:216,0
DA:217,0
DA:218,0
DA:219,0
DA:220,0
DA:221,0
DA:222,0
DA:223,0
DA:224,0
DA:225,0
DA:229,1
DA:231,1
DA:232,1
DA:234,1
DA:235,1
DA:236,1
DA:237,1
DA:255,2
DA:265,2
DA:267,2
DA:268,2
DA:272,6
DA:273,6
DA:274,0
DA:275,6
DA:276,6
DA:277,0
DA:278,6
DA:279,6
DA:285,10
DA:293,0
DA:294,0
DA:295,0
DA:298,0
DA:299,0
DA:301,0
DA:302,0
DA:303,0
DA:305,0
DA:306,0
DA:309,0
DA:310,0
DA:313,0
DA:316,0
DA:318,0
DA:319,0
DA:320,0
DA:321,0
DA:323,0
DA:324,0
DA:326,0
DA:327,0
DA:328,0
DA:329,0
DA:330,0
DA:331,0
DA:339,0
DA:340,0
DA:341,0
DA:342,0
DA:343,0
DA:346,0
DA:347,0
DA:350,0
DA:351,0
DA:352,0
DA:355,2
DA:357,2
DA:358,6
DA:361,2
DA:363,4
DA:364,4
DA:365,2
DA:368,2
DA:370,2
DA:371,2
DA:372,2
DA:373,2
DA:374,2
DA:375,12
DA:376,12
DA:391,2
DA:399,2
DA:400,2
DA:404,6
DA:405,6
DA:406,6
DA:407,6
DA:408,3
DA:410,2
DA:411,4
DA:412,4
DA:413,2
DA:420,0
DA:421,0
DA:422,0
DA:423,0
DA:424,0
DA:425,0
DA:427,0
DA:428,0
DA:434,0
DA:435,0
DA:436,0
DA:438,0
DA:440,0
DA:444,0
DA:445,0
DA:448,2
DA:450,2
DA:451,8
DA:454,2
DA:456,8
DA:457,4
DA:458,2
DA:461,2
DA:463,2
DA:465,2
DA:466,2
DA:467,2
DA:468,4
DA:469,4
DA:470,2
DA:472,4
DA:473,4
DA:474,2
DA:475,2
DA:476,3
DA:487,2
DA:489,2
DA:491,2
DA:492,4
DA:493,2
DA:494,2
DA:495,2
DA:496,2
DA:498,2
DA:503,2
DA:504,2
DA:519,0
DA:527,0
DA:528,0
DA:529,0
DA:530,0
DA:531,0
DA:532,0
DA:533,0
DA:534,0
DA:535,0
DA:536,0
DA:537,0
DA:539,0
DA:540,0
DA:547,0
DA:549,0
DA:550,0
DA:551,0
DA:552,0
DA:553,0
DA:555,0
LF:211
LH:88
end_of_record
SF:lib/commons/widgets/forms/myoro_form.dart
DA:46,3
DA:56,0
DA:70,0
DA:71,0
DA:72,0
DA:73,0
DA:74,0
DA:75,0
DA:76,0
DA:77,0
DA:78,0
DA:82,3
DA:83,3
DA:87,9
DA:88,9
DA:89,3
DA:90,3
DA:91,9
DA:94,3
DA:95,8
DA:101,2
DA:102,4
DA:103,3
DA:105,4
DA:106,1
DA:110,3
DA:112,3
DA:113,15
DA:114,9
DA:117,3
DA:119,6
DA:120,3
DA:123,3
DA:125,3
DA:126,3
DA:127,3
DA:128,4
DA:129,3
DA:130,3
DA:131,3
DA:132,6
DA:133,3
DA:134,3
DA:135,3
LF:44
LH:34
end_of_record
SF:lib/commons/widgets/graphs/myoro_bar_graph.dart
DA:14,1
DA:19,2
DA:23,0
DA:29,0
DA:30,0
DA:34,1
DA:36,1
DA:38,1
DA:39,1
DA:40,2
DA:41,1
DA:42,2
DA:43,1
DA:44,1
DA:45,1
DA:46,1
DA:47,1
DA:48,2
DA:50,2
DA:51,1
DA:52,1
DA:53,1
DA:54,1
DA:55,1
DA:58,1
DA:61,1
DA:64,1
DA:65,4
DA:67,2
DA:70,1
DA:71,1
DA:73,1
DA:77,1
DA:79,1
DA:80,1
DA:91,1
DA:93,1
DA:94,2
DA:95,1
DA:96,2
DA:99,1
DA:100,2
DA:101,1
DA:102,2
DA:117,1
DA:119,1
DA:121,1
DA:122,1
DA:123,2
DA:125,1
DA:126,8
DA:128,2
LF:52
LH:49
end_of_record
SF:lib/commons/widgets/graphs/myoro_pie_graph.dart
DA:18,1
DA:24,2
DA:28,0
DA:36,0
DA:37,0
DA:38,0
DA:39,0
DA:40,0
DA:41,0
DA:45,1
DA:47,1
DA:49,1
DA:50,3
DA:51,3
DA:61,1
DA:63,1
DA:65,1
DA:67,1
DA:68,1
DA:69,2
DA:70,2
DA:71,1
DA:72,1
DA:74,1
DA:75,1
DA:76,1
DA:79,1
LF:27
LH:20
end_of_record
SF:lib/commons/widgets/inputs/myoro_date_picker_input.dart
DA:11,1
DA:13,0
DA:51,0
DA:52,0
DA:53,0
DA:54,0
DA:55,0
DA:56,0
DA:57,0
DA:58,0
DA:59,0
DA:60,0
DA:61,0
DA:62,0
DA:63,0
DA:64,0
DA:65,0
DA:66,0
DA:67,0
DA:68,0
DA:69,0
DA:70,0
DA:71,0
DA:75,1
DA:76,1
DA:81,1
DA:82,3
DA:83,5
DA:87,1
DA:89,2
DA:90,1
DA:93,1
DA:95,1
DA:96,1
DA:97,2
DA:98,3
DA:107,1
DA:109,1
DA:111,1
DA:112,1
DA:120,1
DA:122,0
DA:123,0
DA:125,0
DA:126,0
DA:127,0
DA:128,0
DA:129,0
DA:130,0
DA:131,0
DA:132,0
DA:140,0
DA:143,1
DA:145,1
DA:146,2
DA:147,1
DA:148,1
DA:149,1
DA:150,4
DA:152,1
DA:157,0
DA:158,1
DA:159,1
DA:160,1
DA:162,4
LF:65
LH:31
end_of_record
SF:lib/commons/widgets/inputs/myoro_input.dart
DA:23,10
DA:29,0
DA:69,0
DA:70,0
DA:71,0
DA:72,0
DA:73,0
DA:74,0
DA:75,0
DA:76,0
DA:77,0
DA:78,0
DA:79,0
DA:80,0
DA:81,0
DA:82,0
DA:83,0
DA:84,0
DA:85,0
DA:86,0
DA:87,0
DA:88,0
DA:89,0
DA:90,0
DA:95,1
DA:99,1
DA:102,1
DA:107,1
DA:114,1
DA:117,1
DA:126,1
DA:131,1
DA:134,1
DA:138,10
DA:139,10
DA:143,30
DA:144,30
DA:147,10
DA:148,24
DA:151,67
DA:161,16
DA:163,10
DA:165,10
DA:166,30
DA:167,30
DA:168,30
DA:171,23
DA:172,1
DA:173,3
DA:174,2
DA:178,5
DA:180,5
DA:181,15
DA:184,10
DA:186,30
DA:187,24
DA:188,20
DA:189,10
DA:192,10
DA:194,10
DA:196,10
DA:197,10
DA:198,22
DA:199,2
DA:200,2
DA:201,2
DA:202,0
DA:203,0
DA:204,0
DA:207,4
DA:209,10
DA:210,10
DA:211,10
DA:212,10
DA:213,10
DA:214,10
DA:215,10
DA:218,22
DA:219,4
DA:220,4
DA:232,2
DA:238,2
DA:240,2
DA:241,2
DA:242,2
DA:254,10
DA:262,10
DA:264,10
DA:265,30
DA:266,30
DA:268,10
DA:269,10
DA:270,10
DA:271,10
DA:273,10
DA:274,10
DA:275,10
DA:276,10
DA:279,10
DA:280,20
DA:281,10
DA:282,20
DA:283,11
DA:286,10
DA:287,10
DA:288,30
DA:289,20
DA:290,10
DA:291,20
DA:292,10
DA:297,10
DA:298,20
DA:299,10
DA:302,10
DA:303,20
DA:304,30
DA:305,10
DA:309,10
DA:311,5
DA:312,0
DA:313,0
DA:314,0
DA:316,0
DA:317,0
DA:318,0
DA:319,0
DA:320,0
DA:321,0
DA:324,0
DA:325,0
DA:330,20
DA:331,10
DA:332,9
DA:333,18
DA:334,20
DA:335,20
DA:336,20
DA:337,10
DA:348,5
DA:350,5
DA:352,5
DA:357,5
DA:358,10
DA:359,18
DA:368,5
DA:370,5
DA:372,5
DA:374,5
DA:375,5
DA:376,5
DA:377,5
DA:378,5
DA:379,5
LF:153
LH:116
end_of_record
SF:lib/commons/widgets/inputs/myoro_search_input.dart
DA:24,1
DA:32,0
DA:76,0
DA:77,0
DA:78,0
DA:79,0
DA:80,0
DA:81,0
DA:82,0
DA:83,0
DA:84,0
DA:85,0
DA:86,0
DA:87,0
DA:88,0
DA:89,0
DA:90,0
DA:91,0
DA:92,0
DA:93,0
DA:94,0
DA:95,0
DA:96,0
DA:97,0
DA:98,0
DA:99,0
DA:103,1
DA:104,1
DA:108,3
DA:109,3
DA:110,3
DA:111,3
DA:114,1
DA:115,4
DA:123,1
DA:124,4
DA:127,1
DA:129,1
DA:130,3
DA:133,1
DA:135,4
DA:136,2
DA:137,2
DA:138,2
DA:139,1
DA:142,1
DA:144,1
DA:145,1
DA:146,1
DA:147,1
DA:148,5
DA:149,3
DA:150,1
DA:151,1
DA:153,1
DA:154,1
DA:155,2
DA:156,1
DA:157,1
DA:158,1
DA:159,0
DA:162,1
DA:163,1
DA:164,1
DA:165,3
DA:169,1
DA:171,1
DA:172,3
DA:173,3
DA:190,1
DA:192,1
DA:194,1
DA:196,1
DA:197,2
DA:198,5
DA:199,1
DA:200,0
DA:202,1
DA:203,3
DA:204,2
DA:205,0
DA:207,0
DA:209,1
DA:210,1
DA:223,1
DA:225,1
DA:227,1
DA:228,1
DA:229,2
LF:89
LH:60
end_of_record
SF:lib/commons/widgets/layout_builders/myoro_layout_builder.dart
DA:25,3
DA:30,0
DA:34,0
DA:35,0
DA:39,3
DA:40,3
DA:44,9
DA:48,3
DA:50,6
DA:51,3
DA:54,3
DA:56,3
DA:57,3
DA:58,12
DA:59,6
DA:62,3
DA:63,3
DA:64,3
DA:65,6
DA:75,3
DA:79,3
DA:81,3
DA:83,6
DA:86,1
DA:88,2
DA:93,3
DA:96,0
DA:97,1
DA:98,2
DA:100,1
DA:101,1
DA:102,1
DA:107,3
DA:109,9
DA:110,6
DA:112,9
DA:113,3
DA:114,9
DA:118,3
LF:39
LH:35
end_of_record
SF:lib/commons/widgets/loaders/myoro_circular_loader.dart
DA:13,241
DA:19,0
DA:25,0
DA:26,0
DA:30,4
DA:32,4
DA:33,8
DA:35,4
DA:38,4
DA:39,8
LF:10
LH:7
end_of_record
SF:lib/commons/widgets/material_apps/myoro_material_app.dart
DA:27,46
DA:35,0
DA:45,0
DA:46,0
DA:47,0
DA:48,0
DA:49,0
DA:50,0
DA:51,0
DA:55,45
DA:57,45
DA:60,4
DA:61,45
DA:63,45
DA:64,45
DA:65,45
DA:66,90
DA:67,45
DA:70,45
DA:71,90
DA:72,90
LF:21
LH:13
end_of_record
SF:lib/commons/widgets/menus/myoro_menu.dart
DA:28,2
DA:36,0
DA:46,0
DA:47,0
DA:48,0
DA:49,0
DA:50,0
DA:51,0
DA:52,0
DA:56,2
DA:58,2
DA:60,2
DA:61,2
DA:62,2
DA:63,2
DA:64,2
DA:66,2
DA:67,2
DA:68,2
DA:69,6
DA:70,2
DA:72,2
DA:73,1
DA:74,4
DA:75,1
DA:85,120
DA:87,2
DA:96,1
DA:102,1
DA:103,1
DA:107,3
DA:108,3
DA:109,8
DA:111,3
DA:113,1
DA:114,1
DA:115,0
DA:118,7
DA:121,1
DA:123,2
DA:125,1
DA:127,1
DA:128,4
DA:129,4
DA:130,4
DA:131,4
DA:133,1
DA:135,1
DA:136,3
DA:137,3
DA:138,1
DA:139,1
DA:141,1
DA:144,1
DA:160,1
DA:162,1
DA:163,1
DA:167,3
DA:171,1
DA:173,2
DA:174,1
DA:177,1
DA:179,1
DA:181,1
DA:182,1
DA:183,1
DA:184,1
DA:185,2
DA:186,1
DA:187,1
DA:197,1
DA:199,1
DA:201,1
DA:202,2
DA:203,2
DA:206,2
DA:207,0
DA:209,0
DA:210,0
DA:214,1
DA:216,2
DA:217,2
DA:218,2
DA:219,2
DA:220,2
DA:221,2
DA:229,120
DA:231,1
DA:233,1
DA:234,1
DA:235,1
DA:236,2
LF:92
LH:80
end_of_record
SF:lib/commons/widgets/modals/myoro_dialog_modal.dart
DA:31,1
DA:42,1
DA:56,2
DA:60,1
DA:63,1
DA:76,0
DA:94,0
DA:95,0
DA:96,0
DA:97,0
DA:98,0
DA:99,0
DA:100,0
DA:101,0
DA:102,0
DA:103,0
DA:104,0
DA:108,1
DA:110,1
DA:111,1
DA:112,1
DA:113,1
DA:114,1
DA:115,1
DA:116,1
DA:119,3
DA:120,1
DA:121,1
DA:122,1
DA:123,1
DA:124,1
DA:125,1
DA:137,1
DA:143,1
DA:145,1
DA:147,1
DA:148,1
DA:149,1
DA:150,2
DA:154,1
DA:155,1
DA:158,0
DA:169,1
DA:177,1
DA:179,3
DA:180,3
DA:182,1
DA:184,1
DA:185,1
DA:187,1
DA:188,2
DA:189,3
DA:190,2
DA:202,1
DA:204,1
DA:206,1
DA:207,1
DA:208,3
DA:217,1
DA:219,1
DA:221,1
DA:222,1
DA:223,1
DA:224,2
DA:225,2
LF:65
LH:52
end_of_record
SF:lib/commons/widgets/modals/myoro_modal.dart
DA:27,2
DA:32,0
DA:48,0
DA:49,0
DA:50,0
DA:51,0
DA:52,0
DA:53,0
DA:54,0
DA:55,0
DA:56,0
DA:57,0
DA:62,2
DA:67,2
DA:69,2
DA:70,4
DA:74,7
DA:77,2
DA:79,2
DA:80,4
DA:82,2
DA:83,2
DA:84,2
DA:85,2
DA:86,2
DA:87,6
DA:88,2
DA:89,2
DA:90,2
DA:91,2
DA:93,2
DA:95,2
DA:96,6
DA:97,6
DA:98,4
DA:100,4
DA:113,2
DA:115,2
DA:117,2
DA:119,2
DA:120,6
DA:121,4
DA:130,2
DA:132,2
DA:134,2
DA:139,2
DA:140,2
DA:141,4
DA:148,120
DA:150,2
DA:152,2
DA:153,4
DA:154,3
LF:53
LH:42
end_of_record
SF:lib/commons/widgets/radios/myoro_group_radio.dart
DA:34,1
DA:43,1
DA:48,2
DA:52,0
DA:66,0
DA:67,0
DA:68,0
DA:69,0
DA:70,0
DA:71,0
DA:72,0
DA:73,0
DA:74,0
DA:78,1
DA:79,1
DA:83,3
DA:84,3
DA:85,3
DA:86,0
DA:87,3
DA:90,1
DA:91,5
DA:94,1
DA:96,4
DA:97,1
DA:100,1
DA:102,1
DA:104,1
DA:105,1
DA:106,1
DA:107,1
DA:108,1
DA:109,2
DA:110,1
DA:111,2
DA:112,1
DA:113,1
DA:114,1
DA:115,1
DA:116,0
DA:117,0
DA:118,0
DA:122,1
LF:43
LH:29
end_of_record
SF:lib/commons/widgets/radios/myoro_radio.dart
DA:29,5
DA:37,2
DA:42,0
DA:54,0
DA:55,0
DA:56,0
DA:57,0
DA:58,0
DA:59,0
DA:60,0
DA:61,0
DA:65,5
DA:66,5
DA:70,15
DA:71,15
DA:72,6
DA:73,3
DA:76,5
DA:77,25
DA:80,0
DA:82,0
DA:83,0
DA:84,0
DA:87,5
DA:89,20
DA:90,5
DA:93,5
DA:95,5
DA:97,5
DA:99,5
DA:100,5
DA:101,5
DA:102,5
DA:103,5
DA:107,5
DA:108,5
DA:109,5
DA:110,1
DA:111,2
DA:112,4
DA:117,7
DA:118,4
DA:119,2
DA:120,2
DA:121,2
DA:122,3
LF:46
LH:33
end_of_record
SF:lib/commons/widgets/resolvers/myoro_resolver.dart
DA:45,4
DA:54,0
DA:66,0
DA:67,0
DA:68,0
DA:69,0
DA:70,0
DA:71,0
DA:72,0
DA:73,0
DA:77,4
DA:78,4
DA:82,12
DA:83,12
DA:84,3
DA:85,12
DA:88,4
DA:89,14
DA:94,4
DA:95,8
DA:96,4
DA:98,8
DA:99,1
DA:103,16
DA:105,4
DA:107,4
DA:108,16
DA:109,4
DA:112,1
DA:114,1
DA:115,1
DA:118,4
DA:120,8
DA:121,4
DA:124,4
DA:126,4
DA:127,4
DA:128,4
DA:129,8
DA:130,4
DA:131,8
DA:132,4
DA:133,4
DA:134,4
DA:135,4
LF:45
LH:36
end_of_record
SF:lib/commons/widgets/screens/myoro_screen.dart
DA:17,46
DA:24,0
DA:32,0
DA:33,0
DA:34,0
DA:35,0
DA:36,0
DA:37,0
DA:41,45
DA:42,45
DA:46,135
DA:47,135
DA:50,45
DA:51,180
DA:54,45
DA:56,180
DA:57,45
DA:60,45
DA:70,90
DA:72,45
DA:73,45
DA:74,45
DA:75,90
DA:76,45
DA:77,45
DA:88,45
DA:90,3
DA:91,6
LF:28
LH:21
end_of_record
SF:lib/commons/widgets/scrollables/myoro_scrollable.dart
DA:25,3
DA:34,0
DA:46,0
DA:47,0
DA:48,0
DA:49,0
DA:50,0
DA:51,0
DA:52,0
DA:53,0
DA:57,3
DA:59,3
DA:60,13
DA:61,12
DA:72,2
DA:79,2
DA:81,2
DA:82,2
DA:83,2
DA:84,2
DA:85,6
DA:86,8
DA:98,2
DA:105,2
DA:107,2
DA:108,2
DA:109,2
DA:110,2
DA:111,2
DA:112,6
DA:113,2
DA:114,4
DA:115,6
LF:33
LH:24
end_of_record
SF:lib/commons/widgets/sliders/myoro_slider.dart
DA:43,1
DA:57,0
DA:79,0
DA:80,0
DA:81,0
DA:82,0
DA:83,0
DA:84,0
DA:85,0
DA:86,0
DA:87,0
DA:88,0
DA:89,0
DA:90,0
DA:91,0
DA:95,1
DA:96,1
DA:100,3
DA:101,3
DA:102,3
DA:103,3
DA:104,3
DA:105,3
DA:106,3
DA:107,3
DA:108,3
DA:110,3
DA:112,1
DA:113,2
DA:114,5
DA:117,0
DA:119,0
DA:120,0
DA:123,1
DA:125,2
DA:126,1
DA:129,1
DA:131,1
DA:132,1
DA:134,1
DA:135,1
DA:136,1
DA:139,1
DA:140,5
DA:141,1
DA:143,1
DA:144,1
DA:145,1
DA:146,1
DA:147,1
DA:148,1
DA:149,1
DA:150,1
DA:151,1
DA:152,2
DA:156,1
DA:157,1
DA:159,1
DA:160,1
DA:161,1
DA:164,1
DA:165,1
DA:166,2
DA:167,1
DA:172,1
DA:173,1
DA:174,2
DA:192,1
DA:194,1
DA:196,1
DA:197,1
DA:198,1
DA:207,1
DA:209,1
DA:211,1
DA:213,1
DA:214,1
DA:215,1
DA:216,3
LF:79
LH:62
end_of_record
SF:lib/commons/widgets/snack_bars/myoro_snack_bar_container.dart
DA:11,3
DA:23,3
DA:25,3
DA:26,3
DA:27,3
DA:28,3
DA:29,3
DA:30,3
DA:31,3
DA:32,3
DA:35,0
DA:51,0
DA:52,0
DA:53,0
DA:54,0
DA:55,0
DA:56,0
DA:57,0
DA:58,0
DA:59,0
DA:60,0
DA:68,3
DA:70,3
DA:73,3
DA:75,3
DA:76,6
LF:26
LH:15
end_of_record
SF:lib/commons/widgets/snack_bars/myoro_snack_bar.dart
DA:24,4
DA:31,12
DA:35,0
DA:45,0
DA:46,0
DA:47,0
DA:48,0
DA:49,0
DA:50,0
DA:51,0
DA:55,4
DA:57,4
DA:59,4
DA:60,4
DA:61,4
DA:62,4
DA:63,4
DA:64,4
DA:65,8
DA:67,4
DA:69,4
DA:71,4
DA:72,16
DA:73,6
DA:74,7
DA:75,6
DA:87,4
DA:89,4
DA:91,4
DA:92,4
DA:93,8
DA:99,120
DA:101,3
DA:103,3
DA:105,3
DA:106,3
DA:107,3
DA:108,0
LF:38
LH:29
end_of_record
SF:lib/commons/widgets/tables/myoro_table.dart
DA:33,1
DA:43,2
DA:47,0
DA:63,0
DA:64,0
DA:65,0
DA:66,0
DA:67,0
DA:68,0
DA:69,0
DA:70,0
DA:71,0
DA:72,0
DA:76,1
DA:77,1
DA:81,3
DA:82,3
DA:83,3
DA:84,3
DA:85,3
DA:86,3
DA:89,5
DA:93,6
DA:106,1
DA:107,3
DA:108,3
DA:111,1
DA:113,1
DA:114,1
DA:117,0
DA:119,0
DA:120,0
DA:123,1
DA:125,2
DA:126,2
DA:127,1
DA:130,1
DA:132,1
DA:134,1
DA:135,2
DA:136,1
DA:137,1
DA:139,1
DA:140,1
DA:141,1
DA:142,1
DA:144,1
DA:145,1
DA:147,1
DA:148,1
DA:149,1
DA:150,3
DA:151,4
DA:152,1
DA:153,4
DA:155,1
DA:158,1
DA:159,1
DA:160,5
DA:161,6
DA:170,3
DA:183,1
DA:190,1
DA:192,1
DA:193,3
DA:195,1
DA:196,1
DA:197,1
DA:199,1
DA:200,1
DA:201,1
DA:202,2
DA:203,1
DA:204,2
DA:205,1
DA:206,1
DA:207,3
DA:208,2
DA:209,4
DA:210,1
DA:211,2
DA:212,1
DA:218,1
DA:219,1
DA:223,1
DA:225,2
DA:226,1
DA:227,1
DA:228,1
DA:230,1
DA:256,1
DA:266,1
DA:267,1
DA:271,3
DA:272,3
DA:273,3
DA:274,0
DA:275,3
DA:276,3
DA:277,0
DA:282,0
DA:283,0
DA:284,0
DA:287,1
DA:289,2
DA:290,1
DA:293,1
DA:295,1
DA:298,1
DA:299,2
DA:301,1
DA:302,3
DA:303,1
DA:304,1
DA:305,1
DA:306,1
DA:307,1
DA:308,1
DA:309,1
DA:310,5
DA:311,2
DA:312,1
DA:313,2
DA:314,1
DA:315,1
DA:316,1
DA:317,2
DA:318,0
DA:319,0
DA:320,0
DA:322,1
DA:323,1
DA:324,2
DA:327,3
DA:330,1
DA:331,0
DA:332,1
DA:333,1
DA:335,1
DA:355,1
DA:362,1
DA:364,1
DA:366,1
DA:367,1
DA:368,3
DA:369,1
DA:376,1
DA:377,1
DA:378,6
DA:379,0
DA:387,120
DA:389,1
DA:400,1
DA:408,1
DA:411,2
DA:414,4
DA:418,7
DA:422,1
DA:424,1
DA:425,2
DA:426,1
DA:427,1
DA:428,1
DA:429,1
DA:430,1
DA:432,1
DA:433,1
DA:434,1
DA:435,1
DA:436,1
DA:437,1
DA:438,1
DA:439,1
DA:442,1
DA:444,1
DA:445,1
DA:446,4
DA:447,1
DA:448,6
DA:449,1
DA:450,1
DA:451,1
DA:452,1
DA:453,1
DA:454,4
DA:455,4
DA:467,1
DA:479,1
DA:481,1
DA:483,1
DA:485,1
DA:486,1
DA:487,0
DA:493,120
DA:495,0
DA:497,0
DA:499,0
DA:501,0
DA:502,0
DA:503,0
DA:505,0
DA:516,0
DA:518,0
DA:520,0
DA:521,0
DA:527,0
DA:528,0
DA:530,0
DA:531,0
DA:532,0
DA:535,0
DA:536,0
DA:537,0
DA:538,0
DA:540,0
DA:541,0
DA:542,0
DA:556,1
DA:558,1
DA:560,1
DA:562,1
DA:563,2
DA:564,3
DA:573,1
DA:575,1
DA:576,1
DA:580,3
DA:582,5
DA:584,0
DA:585,0
DA:587,0
DA:589,1
DA:591,2
DA:592,1
DA:595,1
DA:597,1
DA:599,1
DA:601,1
DA:602,1
DA:604,1
DA:605,1
DA:608,1
DA:609,1
DA:618,1
DA:620,1
DA:622,3
DA:623,3
DA:625,1
DA:627,2
DA:628,1
DA:629,1
DA:630,0
DA:631,0
DA:633,1
DA:635,1
DA:636,1
DA:637,3
DA:640,1
DA:641,0
DA:642,0
DA:654,0
DA:659,0
DA:663,0
DA:665,0
DA:666,0
DA:667,0
DA:668,0
DA:669,0
DA:670,0
DA:677,120
DA:679,0
DA:681,0
DA:683,0
LF:273
LH:206
end_of_record
SF:lib/commons/widgets/testing/myoro_widget_tester.dart
DA:16,45
DA:23,0
DA:31,0
DA:32,0
DA:33,0
DA:34,0
DA:35,0
DA:36,0
DA:40,45
DA:42,90
DA:43,2
DA:44,88
DA:45,2
DA:46,2
DA:47,2
DA:48,2
DA:50,86
DA:51,1
DA:52,1
DA:53,1
DA:54,2
DA:57,43
DA:58,43
DA:59,43
DA:60,86
LF:25
LH:18
end_of_record
SF:lib/commons/widgets/tooltips/myoro_tooltip.dart
DA:19,18
DA:27,0
DA:37,0
DA:38,0
DA:39,0
DA:40,0
DA:41,0
DA:42,0
DA:43,0
DA:47,18
DA:49,18
DA:50,18
DA:51,54
DA:52,18
DA:53,18
LF:15
LH:7
end_of_record
SF:lib/core/myoro_local_database.dart
DA:14,0
DA:20,0
DA:35,0
DA:36,0
DA:43,0
DA:44,0
DA:46,0
DA:50,0
DA:54,0
DA:55,0
DA:60,0
DA:62,0
DA:65,0
DA:69,0
DA:73,0
DA:77,0
DA:82,0
DA:90,0
DA:95,0
DA:100,0
DA:104,0
DA:110,0
DA:119,0
DA:124,0
LF:24
LH:0
end_of_record
